{"level":"info","message":"⌛ Validating pedidosRapi2.wlk","timeElapsed":116,"timestamp":"2024-11-16T05:41:08.158Z"}
{"level":"info","message":"onRequest - completionItem/resolve","timestamp":"2024-11-16T05:41:08.364Z"}
{"level":"info","message":"⌛ Validating pedidosRapi2.wlk","timeElapsed":120,"timestamp":"2024-11-16T05:41:08.364Z"}
{"level":"info","message":"⌛ Validating pedidosRapi2.wlk","timeElapsed":118,"timestamp":"2024-11-16T05:41:08.572Z"}
{"level":"error","message":"✘ Completions for node failed: Error: [Return]{dc5174} at pedidosRapi2.wlk:-- exhausted all cases without a match [Return]{dc5174} at pedidosRapi2.wlk:-- exhausted all cases without a match","stack":"Error: [Return]{dc5174} at pedidosRapi2.wlk:-- exhausted all cases without a match\n    at c:\\Users\\chest\\.vscode\\extensions\\uqbar.wollok-lsp-ide-0.3.6\\out\\server\\src\\server.js:38:6067\n    at yh (c:\\Users\\chest\\.vscode\\extensions\\uqbar.wollok-lsp-ide-0.3.6\\out\\server\\src\\server.js:2291:42)\n    at kh (c:\\Users\\chest\\.vscode\\extensions\\uqbar.wollok-lsp-ide-0.3.6\\out\\server\\src\\server.js:2291:1004)\n    at Y5n (c:\\Users\\chest\\.vscode\\extensions\\uqbar.wollok-lsp-ide-0.3.6\\out\\server\\src\\server.js:2291:1160)\n    at c:\\Users\\chest\\.vscode\\extensions\\uqbar.wollok-lsp-ide-0.3.6\\out\\server\\src\\server.js:38:6056\n    at yh (c:\\Users\\chest\\.vscode\\extensions\\uqbar.wollok-lsp-ide-0.3.6\\out\\server\\src\\server.js:2291:42)\n    at c:\\Users\\chest\\.vscode\\extensions\\uqbar.wollok-lsp-ide-0.3.6\\out\\server\\src\\server.js:2291:2700\n    at c:\\Users\\chest\\.vscode\\extensions\\uqbar.wollok-lsp-ide-0.3.6\\out\\server\\src\\server.js:2298:3774\n    at c:\\Users\\chest\\.vscode\\extensions\\uqbar.wollok-lsp-ide-0.3.6\\out\\server\\src\\server.js:37:74872\n    at Fe (c:\\Users\\chest\\.vscode\\extensions\\uqbar.wollok-lsp-ide-0.3.6\\out\\server\\src\\server.js:7:8527)","timestamp":"2024-11-16T05:41:08.782Z"}
{"level":"info","message":"⌛ Validating pedidosRapi2.wlk","timeElapsed":115,"timestamp":"2024-11-16T05:41:08.900Z"}
{"level":"info","message":"⌛ Validating pedidosRapi2.wlk","timeElapsed":126,"timestamp":"2024-11-16T05:41:09.119Z"}
{"level":"info","message":"onRequest - completionItem/resolve","timestamp":"2024-11-16T05:41:09.120Z"}
{"level":"info","message":"onRequest - completionItem/resolve","timestamp":"2024-11-16T05:41:09.207Z"}
{"level":"info","message":"⌛ Validating pedidosRapi2.wlk","timeElapsed":111,"timestamp":"2024-11-16T05:41:09.318Z"}
{"level":"info","message":"⌛ Building environment","timeElapsed":128,"timestamp":"2024-11-16T05:41:09.448Z"}
{"level":"info","message":"onRequest - completionItem/resolve","timestamp":"2024-11-16T05:41:09.448Z"}
{"level":"info","message":"⌛ Building environment","timeElapsed":519,"timestamp":"2024-11-16T05:41:09.967Z"}
{"level":"error","message":"✘ Completions for node failed: Error: [Return]{ad001d} at pedidosRapi2.wlk:-- exhausted all cases without a match [Return]{ad001d} at pedidosRapi2.wlk:-- exhausted all cases without a match","stack":"Error: [Return]{ad001d} at pedidosRapi2.wlk:-- exhausted all cases without a match\n    at c:\\Users\\chest\\.vscode\\extensions\\uqbar.wollok-lsp-ide-0.3.6\\out\\server\\src\\server.js:38:6067\n    at yh (c:\\Users\\chest\\.vscode\\extensions\\uqbar.wollok-lsp-ide-0.3.6\\out\\server\\src\\server.js:2291:42)\n    at kh (c:\\Users\\chest\\.vscode\\extensions\\uqbar.wollok-lsp-ide-0.3.6\\out\\server\\src\\server.js:2291:1004)\n    at Y5n (c:\\Users\\chest\\.vscode\\extensions\\uqbar.wollok-lsp-ide-0.3.6\\out\\server\\src\\server.js:2291:1160)\n    at c:\\Users\\chest\\.vscode\\extensions\\uqbar.wollok-lsp-ide-0.3.6\\out\\server\\src\\server.js:38:6056\n    at yh (c:\\Users\\chest\\.vscode\\extensions\\uqbar.wollok-lsp-ide-0.3.6\\out\\server\\src\\server.js:2291:42)\n    at c:\\Users\\chest\\.vscode\\extensions\\uqbar.wollok-lsp-ide-0.3.6\\out\\server\\src\\server.js:2291:2700\n    at c:\\Users\\chest\\.vscode\\extensions\\uqbar.wollok-lsp-ide-0.3.6\\out\\server\\src\\server.js:2298:3774\n    at c:\\Users\\chest\\.vscode\\extensions\\uqbar.wollok-lsp-ide-0.3.6\\out\\server\\src\\server.js:37:74872\n    at Fe (c:\\Users\\chest\\.vscode\\extensions\\uqbar.wollok-lsp-ide-0.3.6\\out\\server\\src\\server.js:7:8527)","timestamp":"2024-11-16T05:41:09.988Z"}
{"level":"info","message":"⌛ Building environment","timeElapsed":104,"timestamp":"2024-11-16T05:41:10.096Z"}
{"level":"info","message":"⌛ Validating pedidosRapi2.wlk","timeElapsed":123,"timestamp":"2024-11-16T05:41:10.220Z"}
{"level":"info","message":"⌛ Validating pedidosRapi2.wlk","timeElapsed":115,"timestamp":"2024-11-16T05:41:10.334Z"}
{"level":"info","message":"⌛ Validating pedidosRapi2.wlk","timeElapsed":152,"timestamp":"2024-11-16T05:41:10.858Z"}
{"level":"info","message":"⌛ Validating pedidosRapi2.wlk","timeElapsed":111,"timestamp":"2024-11-16T05:41:10.970Z"}
{"level":"info","message":"⌛ Building environment","timeElapsed":120,"timestamp":"2024-11-16T05:41:11.090Z"}
{"level":"error","message":"✘ Completions for node failed: Error: [Return]{fb25fd} at pedidosRapi2.wlk:-- exhausted all cases without a match [Return]{fb25fd} at pedidosRapi2.wlk:-- exhausted all cases without a match","stack":"Error: [Return]{fb25fd} at pedidosRapi2.wlk:-- exhausted all cases without a match\n    at c:\\Users\\chest\\.vscode\\extensions\\uqbar.wollok-lsp-ide-0.3.6\\out\\server\\src\\server.js:38:6067\n    at yh (c:\\Users\\chest\\.vscode\\extensions\\uqbar.wollok-lsp-ide-0.3.6\\out\\server\\src\\server.js:2291:42)\n    at kh (c:\\Users\\chest\\.vscode\\extensions\\uqbar.wollok-lsp-ide-0.3.6\\out\\server\\src\\server.js:2291:1004)\n    at Y5n (c:\\Users\\chest\\.vscode\\extensions\\uqbar.wollok-lsp-ide-0.3.6\\out\\server\\src\\server.js:2291:1160)\n    at c:\\Users\\chest\\.vscode\\extensions\\uqbar.wollok-lsp-ide-0.3.6\\out\\server\\src\\server.js:38:6056\n    at yh (c:\\Users\\chest\\.vscode\\extensions\\uqbar.wollok-lsp-ide-0.3.6\\out\\server\\src\\server.js:2291:42)\n    at c:\\Users\\chest\\.vscode\\extensions\\uqbar.wollok-lsp-ide-0.3.6\\out\\server\\src\\server.js:2291:2700\n    at c:\\Users\\chest\\.vscode\\extensions\\uqbar.wollok-lsp-ide-0.3.6\\out\\server\\src\\server.js:2298:3774\n    at c:\\Users\\chest\\.vscode\\extensions\\uqbar.wollok-lsp-ide-0.3.6\\out\\server\\src\\server.js:37:74872\n    at Fe (c:\\Users\\chest\\.vscode\\extensions\\uqbar.wollok-lsp-ide-0.3.6\\out\\server\\src\\server.js:7:8527)","timestamp":"2024-11-16T05:41:11.113Z"}
{"level":"info","message":"⌛ Validating pedidosRapi2.wlk","timeElapsed":108,"timestamp":"2024-11-16T05:41:11.313Z"}
{"level":"info","message":"⌛ Validating pedidosRapi2.wlk","timeElapsed":112,"timestamp":"2024-11-16T05:41:11.514Z"}
{"level":"info","message":"⌛ Validating pedidosRapi2.wlk","timeElapsed":105,"timestamp":"2024-11-16T05:41:11.620Z"}
{"level":"info","message":"⌛ Validating pedidosRapi2.wlk","timeElapsed":113,"timestamp":"2024-11-16T05:41:11.732Z"}
{"level":"info","message":"⌛ Validating pedidosRapi2.wlk","timeElapsed":108,"timestamp":"2024-11-16T05:41:11.846Z"}
{"level":"info","message":"⌛ Validating pedidosRapi2.wlk","timeElapsed":111,"timestamp":"2024-11-16T05:41:11.958Z"}
{"level":"info","message":"⌛ Validating pedidosRapi2.wlk","timeElapsed":109,"timestamp":"2024-11-16T05:41:12.067Z"}
{"level":"info","message":"⌛ Validating pedidosRapi2.wlk","timeElapsed":117,"timestamp":"2024-11-16T05:41:15.430Z"}
{"level":"info","message":"⌛ Validating pedidosRapi2.wlk","timeElapsed":112,"timestamp":"2024-11-16T05:41:15.628Z"}
{"level":"info","message":"⌛ Validating pedidosRapi2.wlk","timeElapsed":116,"timestamp":"2024-11-16T05:41:16.245Z"}
{"level":"info","message":"onRequest - completionItem/resolve","timestamp":"2024-11-16T05:41:16.246Z"}
{"level":"info","message":"⌛ Building environment","timeElapsed":141,"timestamp":"2024-11-16T05:41:16.388Z"}
{"level":"info","message":"onRequest - completionItem/resolve","timestamp":"2024-11-16T05:41:16.388Z"}
{"level":"info","message":"onRequest - completionItem/resolve","timestamp":"2024-11-16T05:41:16.485Z"}
{"level":"info","message":"⌛ Validating pedidosRapi2.wlk","timeElapsed":110,"timestamp":"2024-11-16T05:41:16.595Z"}
{"level":"info","message":"onRequest - completionItem/resolve","timestamp":"2024-11-16T05:41:16.680Z"}
{"level":"info","message":"⌛ Validating pedidosRapi2.wlk","timeElapsed":114,"timestamp":"2024-11-16T05:41:16.795Z"}
{"level":"info","message":"⌛ Validating pedidosRapi2.wlk","timeElapsed":107,"timestamp":"2024-11-16T05:41:16.904Z"}
{"level":"info","message":"onRequest - completionItem/resolve","timestamp":"2024-11-16T05:41:17.320Z"}
{"level":"info","message":"⌛ Validating pedidosRapi2.wlk","timeElapsed":111,"timestamp":"2024-11-16T05:41:17.433Z"}
{"level":"info","message":"⌛ Validating pedidosRapi2.wlk","timeElapsed":135,"timestamp":"2024-11-16T05:41:17.657Z"}
{"level":"info","message":"onRequest - completionItem/resolve","timestamp":"2024-11-16T05:41:17.760Z"}
{"level":"info","message":"⌛ Validating pedidosRapi2.wlk","timeElapsed":112,"timestamp":"2024-11-16T05:41:17.873Z"}
{"level":"info","message":"⌛ Validating pedidosRapi2.wlk","timeElapsed":110,"timestamp":"2024-11-16T05:41:18.069Z"}
{"level":"info","message":"⌛ Validating pedidosRapi2.wlk","timeElapsed":115,"timestamp":"2024-11-16T05:41:18.523Z"}
{"level":"info","message":"onRequest - completionItem/resolve","timestamp":"2024-11-16T05:41:18.525Z"}
{"level":"info","message":"onRequest - completionItem/resolve","timestamp":"2024-11-16T05:41:18.611Z"}
{"level":"info","message":"⌛ Validating pedidosRapi2.wlk","timeElapsed":113,"timestamp":"2024-11-16T05:41:18.725Z"}
{"level":"info","message":"onRequest - completionItem/resolve","timestamp":"2024-11-16T05:41:19.113Z"}
{"level":"info","message":"⌛ Validating pedidosRapi2.wlk","timeElapsed":112,"timestamp":"2024-11-16T05:41:19.226Z"}
{"level":"info","message":"⌛ Validating pedidosRapi2.wlk","timeElapsed":111,"timestamp":"2024-11-16T05:41:19.425Z"}
{"level":"info","message":"⌛ Validating pedidosRapi2.wlk","timeElapsed":113,"timestamp":"2024-11-16T05:41:19.625Z"}
{"level":"info","message":"⌛ Validating pedidosRapi2.wlk","timeElapsed":118,"timestamp":"2024-11-16T05:41:19.827Z"}
{"level":"info","message":"⌛ Validating pedidosRapi2.wlk","timeElapsed":129,"timestamp":"2024-11-16T05:41:20.074Z"}
{"level":"info","message":"⌛ Building environment","timeElapsed":113,"timestamp":"2024-11-16T05:41:20.885Z"}
{"level":"info","message":"⌛ Validating pedidosRapi2.wlk","timeElapsed":118,"timestamp":"2024-11-16T05:41:21.024Z"}
{"level":"info","message":"onRequest - completionItem/resolve","timestamp":"2024-11-16T05:41:21.026Z"}
{"level":"info","message":"⌛ Validating pedidosRapi2.wlk","timeElapsed":113,"timestamp":"2024-11-16T05:41:21.266Z"}
{"level":"info","message":"⌛ Validating pedidosRapi2.wlk","timeElapsed":111,"timestamp":"2024-11-16T05:41:21.463Z"}
{"level":"info","message":"⌛ Validating pedidosRapi2.wlk","timeElapsed":115,"timestamp":"2024-11-16T05:41:21.944Z"}
{"level":"info","message":"⌛ Building environment","timeElapsed":101,"timestamp":"2024-11-16T05:41:22.045Z"}
{"level":"info","message":"⌛ Validating pedidosRapi2.wlk","timeElapsed":120,"timestamp":"2024-11-16T05:41:22.166Z"}
{"level":"info","message":"⌛ Validating pedidosRapi2.wlk","timeElapsed":113,"timestamp":"2024-11-16T05:41:22.469Z"}
{"level":"info","message":"⌛ Validating pedidosRapi2.wlk","timeElapsed":112,"timestamp":"2024-11-16T05:41:22.582Z"}
{"level":"info","message":"onRequest - completionItem/resolve","timestamp":"2024-11-16T05:41:22.582Z"}
{"level":"info","message":"⌛ Building environment","timeElapsed":113,"timestamp":"2024-11-16T05:41:22.696Z"}
{"level":"info","message":"onRequest - completionItem/resolve","timestamp":"2024-11-16T05:41:22.697Z"}
{"level":"info","message":"onRequest - completionItem/resolve","timestamp":"2024-11-16T05:41:22.805Z"}
{"level":"info","message":"⌛ Validating pedidosRapi2.wlk","timeElapsed":109,"timestamp":"2024-11-16T05:41:22.915Z"}
{"level":"info","message":"⌛ Building environment","timeElapsed":113,"timestamp":"2024-11-16T05:41:23.029Z"}
{"level":"info","message":"onRequest - completionItem/resolve","timestamp":"2024-11-16T05:41:23.030Z"}
{"level":"info","message":"⌛ Validating pedidosRapi2.wlk","timeElapsed":112,"timestamp":"2024-11-16T05:41:23.142Z"}
{"level":"info","message":"⌛ Validating pedidosRapi2.wlk","timeElapsed":107,"timestamp":"2024-11-16T05:41:23.255Z"}
{"level":"info","message":"onRequest - completionItem/resolve","timestamp":"2024-11-16T05:41:23.346Z"}
{"level":"info","message":"⌛ Validating pedidosRapi2.wlk","timeElapsed":110,"timestamp":"2024-11-16T05:41:23.458Z"}
{"level":"info","message":"⌛ Validating pedidosRapi2.wlk","timeElapsed":115,"timestamp":"2024-11-16T05:41:23.656Z"}
{"level":"info","message":"⌛ Building environment","timeElapsed":117,"timestamp":"2024-11-16T05:41:23.864Z"}
{"level":"info","message":"⌛ Validating pedidosRapi2.wlk","timeElapsed":126,"timestamp":"2024-11-16T05:41:24.098Z"}
{"level":"info","message":"⌛ Validating pedidosRapi2.wlk","timeElapsed":123,"timestamp":"2024-11-16T05:41:24.317Z"}
{"level":"info","message":"⌛ Validating pedidosRapi2.wlk","timeElapsed":110,"timestamp":"2024-11-16T05:41:24.630Z"}
{"level":"info","message":"⌛ Validating pedidosRapi2.wlk","timeElapsed":114,"timestamp":"2024-11-16T05:41:24.832Z"}
{"level":"info","message":"⌛ Validating pedidosRapi2.wlk","timeElapsed":109,"timestamp":"2024-11-16T05:41:24.946Z"}
{"level":"info","message":"⌛ Validating pedidosRapi2.wlk","timeElapsed":111,"timestamp":"2024-11-16T05:41:25.057Z"}
{"level":"info","message":"⌛ Validating pedidosRapi2.wlk","timeElapsed":116,"timestamp":"2024-11-16T05:41:25.421Z"}
{"level":"info","message":"⌛ Validating pedidosRapi2.wlk","timeElapsed":117,"timestamp":"2024-11-16T05:41:25.774Z"}
{"level":"info","message":"⌛ Validating pedidosRapi2.wlk","timeElapsed":111,"timestamp":"2024-11-16T05:41:26.085Z"}
{"level":"info","message":"⌛ Validating pedidosRapi2.wlk","timeElapsed":115,"timestamp":"2024-11-16T05:41:26.200Z"}
{"level":"info","message":"⌛ Building environment","timeElapsed":124,"timestamp":"2024-11-16T05:41:26.325Z"}
{"level":"info","message":"⌛ Validating pedidosRapi2.wlk","timeElapsed":107,"timestamp":"2024-11-16T05:41:26.627Z"}
{"level":"info","message":"⌛ Validating pedidosRapi2.wlk","timeElapsed":115,"timestamp":"2024-11-16T05:41:26.742Z"}
{"level":"info","message":"⌛ Building environment","timeElapsed":118,"timestamp":"2024-11-16T05:41:26.860Z"}
{"level":"info","message":"⌛ Validating pedidosRapi2.wlk","timeElapsed":132,"timestamp":"2024-11-16T05:41:27.038Z"}
{"level":"info","message":"⌛ Validating pedidosRapi2.wlk","timeElapsed":130,"timestamp":"2024-11-16T05:41:27.169Z"}
{"level":"info","message":"⌛ Building environment","timeElapsed":105,"timestamp":"2024-11-16T05:41:27.275Z"}
{"level":"info","message":"⌛ Validating pedidosRapi2.wlk","timeElapsed":111,"timestamp":"2024-11-16T05:41:27.588Z"}
{"level":"info","message":"⌛ Validating pedidosRapi2.wlk","timeElapsed":108,"timestamp":"2024-11-16T05:41:27.814Z"}
{"level":"info","message":"⌛ Validating pedidosRapi2.wlk","timeElapsed":111,"timestamp":"2024-11-16T05:41:28.010Z"}
{"level":"info","message":"⌛ Validating pedidosRapi2.wlk","timeElapsed":112,"timestamp":"2024-11-16T05:41:28.203Z"}
{"level":"info","message":"⌛ Validating pedidosRapi2.wlk","timeElapsed":108,"timestamp":"2024-11-16T05:41:28.316Z"}
{"level":"info","message":"⌛ Validating pedidosRapi2.wlk","timeElapsed":113,"timestamp":"2024-11-16T05:41:28.430Z"}
{"level":"info","message":"⌛ Validating pedidosRapi2.wlk","timeElapsed":116,"timestamp":"2024-11-16T05:41:29.340Z"}
{"level":"info","message":"⌛ Validating pedidosRapi2.wlk","timeElapsed":119,"timestamp":"2024-11-16T05:41:29.545Z"}
{"level":"info","message":"⌛ Validating pedidosRapi2.wlk","timeElapsed":115,"timestamp":"2024-11-16T05:41:30.389Z"}
{"level":"info","message":"onRequest - completionItem/resolve","timestamp":"2024-11-16T05:41:30.389Z"}
{"level":"info","message":"⌛ Building environment","timeElapsed":136,"timestamp":"2024-11-16T05:41:30.526Z"}
{"level":"info","message":"onRequest - completionItem/resolve","timestamp":"2024-11-16T05:41:30.527Z"}
{"level":"info","message":"onRequest - completionItem/resolve","timestamp":"2024-11-16T05:41:30.624Z"}
{"level":"info","message":"⌛ Validating pedidosRapi2.wlk","timeElapsed":129,"timestamp":"2024-11-16T05:41:30.753Z"}
{"level":"info","message":"onRequest - completionItem/resolve","timestamp":"2024-11-16T05:41:30.841Z"}
{"level":"info","message":"⌛ Validating pedidosRapi2.wlk","timeElapsed":119,"timestamp":"2024-11-16T05:41:30.961Z"}
{"level":"info","message":"onRequest - completionItem/resolve","timestamp":"2024-11-16T05:41:31.050Z"}
{"level":"info","message":"onRequest - completionItem/resolve","timestamp":"2024-11-16T05:41:31.133Z"}
{"level":"info","message":"⌛ Validating pedidosRapi2.wlk","timeElapsed":121,"timestamp":"2024-11-16T05:41:31.255Z"}
{"level":"info","message":"⌛ Validating pedidosRapi2.wlk","timeElapsed":135,"timestamp":"2024-11-16T05:41:31.391Z"}
{"level":"info","message":"⌛ Validating pedidosRapi2.wlk","timeElapsed":109,"timestamp":"2024-11-16T05:41:31.507Z"}
{"level":"info","message":"⌛ Building environment","timeElapsed":109,"timestamp":"2024-11-16T05:41:31.844Z"}
{"level":"info","message":"onRequest - completionItem/resolve","timestamp":"2024-11-16T05:41:31.844Z"}
{"level":"info","message":"⌛ Validating pedidosRapi2.wlk","timeElapsed":111,"timestamp":"2024-11-16T05:41:31.955Z"}
{"level":"info","message":"⌛ Building environment","timeElapsed":130,"timestamp":"2024-11-16T05:41:36.794Z"}
{"level":"info","message":"⌛ Validating pedidosRapi2.wlk","timeElapsed":132,"timestamp":"2024-11-16T05:41:36.926Z"}
{"level":"info","message":"⌛ Validating pedidosRapi2.wlk","timeElapsed":119,"timestamp":"2024-11-16T05:41:37.066Z"}
{"level":"info","message":"onRequest - completionItem/resolve","timestamp":"2024-11-16T05:41:37.151Z"}
{"level":"info","message":"onRequest - completionItem/resolve","timestamp":"2024-11-16T05:41:37.235Z"}
{"level":"info","message":"⌛ Validating pedidosRapi2.wlk","timeElapsed":111,"timestamp":"2024-11-16T05:41:37.346Z"}
{"level":"info","message":"⌛ Validating pedidosRapi2.wlk","timeElapsed":115,"timestamp":"2024-11-16T05:41:37.462Z"}
{"level":"info","message":"onRequest - completionItem/resolve","timestamp":"2024-11-16T05:41:37.612Z"}
{"level":"info","message":"⌛ Validating pedidosRapi2.wlk","timeElapsed":111,"timestamp":"2024-11-16T05:41:37.724Z"}
{"level":"info","message":"onRequest - completionItem/resolve","timestamp":"2024-11-16T05:41:37.811Z"}
{"level":"info","message":"⌛ Validating pedidosRapi2.wlk","timeElapsed":114,"timestamp":"2024-11-16T05:41:37.926Z"}
{"level":"info","message":"⌛ Building environment","timeElapsed":125,"timestamp":"2024-11-16T05:41:38.099Z"}
{"level":"info","message":"⌛ Validating pedidosRapi2.wlk","timeElapsed":115,"timestamp":"2024-11-16T05:41:38.306Z"}
{"level":"info","message":"⌛ Validating pedidosRapi2.wlk","timeElapsed":120,"timestamp":"2024-11-16T05:41:38.429Z"}
{"level":"info","message":"⌛ Validating pedidosRapi2.wlk","timeElapsed":110,"timestamp":"2024-11-16T05:41:38.994Z"}
{"level":"info","message":"⌛ Validating pedidosRapi2.wlk","timeElapsed":112,"timestamp":"2024-11-16T05:41:39.242Z"}
{"level":"info","message":"⌛ Validating pedidosRapi2.wlk","timeElapsed":115,"timestamp":"2024-11-16T05:41:39.536Z"}
{"level":"info","message":"⌛ Validating pedidosRapi2.wlk","timeElapsed":108,"timestamp":"2024-11-16T05:41:39.733Z"}
{"level":"info","message":"⌛ Validating pedidosRapi2.wlk","timeElapsed":138,"timestamp":"2024-11-16T05:41:39.960Z"}
{"level":"info","message":"⌛ Validating pedidosRapi2.wlk","timeElapsed":109,"timestamp":"2024-11-16T05:41:40.074Z"}
{"level":"info","message":"⌛ Building environment","timeElapsed":106,"timestamp":"2024-11-16T05:41:40.182Z"}
{"level":"info","message":"⌛ Validating pedidosRapi2.wlk","timeElapsed":116,"timestamp":"2024-11-16T05:41:40.393Z"}
{"level":"info","message":"⌛ Validating pedidosRapi2.wlk","timeElapsed":115,"timestamp":"2024-11-16T05:41:40.512Z"}
{"level":"info","message":"⌛ Validating pedidosRapi2.wlk","timeElapsed":111,"timestamp":"2024-11-16T05:41:40.720Z"}
{"level":"info","message":"⌛ Validating pedidosRapi2.wlk","timeElapsed":113,"timestamp":"2024-11-16T05:41:40.926Z"}
{"level":"info","message":"⌛ Building environment","timeElapsed":115,"timestamp":"2024-11-16T05:41:41.075Z"}
{"level":"info","message":"⌛ Validating pedidosRapi2.wlk","timeElapsed":118,"timestamp":"2024-11-16T05:41:41.196Z"}
{"level":"info","message":"⌛ Validating pedidosRapi2.wlk","timeElapsed":111,"timestamp":"2024-11-16T05:41:41.391Z"}
{"level":"info","message":"⌛ Validating pedidosRapi2.wlk","timeElapsed":108,"timestamp":"2024-11-16T05:41:41.642Z"}
{"level":"info","message":"⌛ Building environment","timeElapsed":113,"timestamp":"2024-11-16T05:41:41.756Z"}
{"level":"info","message":"⌛ Validating pedidosRapi2.wlk","timeElapsed":107,"timestamp":"2024-11-16T05:41:41.865Z"}
{"level":"info","message":"⌛ Validating pedidosRapi2.wlk","timeElapsed":108,"timestamp":"2024-11-16T05:41:42.060Z"}
{"level":"error","message":"✘ Completions for node failed: Error: [Parameter]{6bc636} at pedidosRapi2.wlk:80 exhausted all cases without a match [Parameter]{6bc636} at pedidosRapi2.wlk:80 exhausted all cases without a match","stack":"Error: [Parameter]{6bc636} at pedidosRapi2.wlk:80 exhausted all cases without a match\n    at c:\\Users\\chest\\.vscode\\extensions\\uqbar.wollok-lsp-ide-0.3.6\\out\\server\\src\\server.js:38:6067\n    at yh (c:\\Users\\chest\\.vscode\\extensions\\uqbar.wollok-lsp-ide-0.3.6\\out\\server\\src\\server.js:2291:42)\n    at c:\\Users\\chest\\.vscode\\extensions\\uqbar.wollok-lsp-ide-0.3.6\\out\\server\\src\\server.js:2291:2700\n    at c:\\Users\\chest\\.vscode\\extensions\\uqbar.wollok-lsp-ide-0.3.6\\out\\server\\src\\server.js:2298:3774\n    at c:\\Users\\chest\\.vscode\\extensions\\uqbar.wollok-lsp-ide-0.3.6\\out\\server\\src\\server.js:37:74872\n    at Fe (c:\\Users\\chest\\.vscode\\extensions\\uqbar.wollok-lsp-ide-0.3.6\\out\\server\\src\\server.js:7:8527)\n    at Pt (c:\\Users\\chest\\.vscode\\extensions\\uqbar.wollok-lsp-ide-0.3.6\\out\\server\\src\\server.js:7:6189)\n    at Gi (c:\\Users\\chest\\.vscode\\extensions\\uqbar.wollok-lsp-ide-0.3.6\\out\\server\\src\\server.js:7:6378)\n    at Immediate._onImmediate (c:\\Users\\chest\\.vscode\\extensions\\uqbar.wollok-lsp-ide-0.3.6\\out\\server\\src\\server.js:7:6142)\n    at process.processImmediate (node:internal/timers:483:21)","timestamp":"2024-11-16T05:41:42.736Z"}
{"level":"info","message":"⌛ Validating pedidosRapi2.wlk","timeElapsed":119,"timestamp":"2024-11-16T05:41:42.858Z"}
{"level":"info","message":"onRequest - completionItem/resolve","timestamp":"2024-11-16T05:41:42.947Z"}
{"level":"error","message":"✘ Completions for node failed: Error: [Parameter]{675291} at pedidosRapi2.wlk:80 exhausted all cases without a match [Parameter]{675291} at pedidosRapi2.wlk:80 exhausted all cases without a match","stack":"Error: [Parameter]{675291} at pedidosRapi2.wlk:80 exhausted all cases without a match\n    at c:\\Users\\chest\\.vscode\\extensions\\uqbar.wollok-lsp-ide-0.3.6\\out\\server\\src\\server.js:38:6067\n    at yh (c:\\Users\\chest\\.vscode\\extensions\\uqbar.wollok-lsp-ide-0.3.6\\out\\server\\src\\server.js:2291:42)\n    at c:\\Users\\chest\\.vscode\\extensions\\uqbar.wollok-lsp-ide-0.3.6\\out\\server\\src\\server.js:2291:2700\n    at c:\\Users\\chest\\.vscode\\extensions\\uqbar.wollok-lsp-ide-0.3.6\\out\\server\\src\\server.js:2298:3774\n    at c:\\Users\\chest\\.vscode\\extensions\\uqbar.wollok-lsp-ide-0.3.6\\out\\server\\src\\server.js:37:74872\n    at Fe (c:\\Users\\chest\\.vscode\\extensions\\uqbar.wollok-lsp-ide-0.3.6\\out\\server\\src\\server.js:7:8527)\n    at Pt (c:\\Users\\chest\\.vscode\\extensions\\uqbar.wollok-lsp-ide-0.3.6\\out\\server\\src\\server.js:7:6189)\n    at Gi (c:\\Users\\chest\\.vscode\\extensions\\uqbar.wollok-lsp-ide-0.3.6\\out\\server\\src\\server.js:7:6378)\n    at Immediate._onImmediate (c:\\Users\\chest\\.vscode\\extensions\\uqbar.wollok-lsp-ide-0.3.6\\out\\server\\src\\server.js:7:6142)\n    at process.processImmediate (node:internal/timers:483:21)","timestamp":"2024-11-16T05:41:43.056Z"}
{"level":"info","message":"⌛ Validating pedidosRapi2.wlk","timeElapsed":121,"timestamp":"2024-11-16T05:41:43.265Z"}
{"level":"info","message":"⌛ Validating pedidosRapi2.wlk","timeElapsed":108,"timestamp":"2024-11-16T05:41:43.460Z"}
{"level":"error","message":"✘ Completions for node failed: Error: [Parameter]{77e637} at pedidosRapi2.wlk:80 exhausted all cases without a match [Parameter]{77e637} at pedidosRapi2.wlk:80 exhausted all cases without a match","stack":"Error: [Parameter]{77e637} at pedidosRapi2.wlk:80 exhausted all cases without a match\n    at c:\\Users\\chest\\.vscode\\extensions\\uqbar.wollok-lsp-ide-0.3.6\\out\\server\\src\\server.js:38:6067\n    at yh (c:\\Users\\chest\\.vscode\\extensions\\uqbar.wollok-lsp-ide-0.3.6\\out\\server\\src\\server.js:2291:42)\n    at c:\\Users\\chest\\.vscode\\extensions\\uqbar.wollok-lsp-ide-0.3.6\\out\\server\\src\\server.js:2291:2700\n    at c:\\Users\\chest\\.vscode\\extensions\\uqbar.wollok-lsp-ide-0.3.6\\out\\server\\src\\server.js:2298:3774\n    at c:\\Users\\chest\\.vscode\\extensions\\uqbar.wollok-lsp-ide-0.3.6\\out\\server\\src\\server.js:37:74872\n    at Fe (c:\\Users\\chest\\.vscode\\extensions\\uqbar.wollok-lsp-ide-0.3.6\\out\\server\\src\\server.js:7:8527)\n    at Pt (c:\\Users\\chest\\.vscode\\extensions\\uqbar.wollok-lsp-ide-0.3.6\\out\\server\\src\\server.js:7:6189)\n    at Gi (c:\\Users\\chest\\.vscode\\extensions\\uqbar.wollok-lsp-ide-0.3.6\\out\\server\\src\\server.js:7:6378)\n    at Immediate._onImmediate (c:\\Users\\chest\\.vscode\\extensions\\uqbar.wollok-lsp-ide-0.3.6\\out\\server\\src\\server.js:7:6142)\n    at process.processImmediate (node:internal/timers:483:21)","timestamp":"2024-11-16T05:41:43.578Z"}
{"level":"info","message":"⌛ Validating pedidosRapi2.wlk","timeElapsed":125,"timestamp":"2024-11-16T05:41:43.714Z"}
{"level":"info","message":"⌛ Building environment","timeElapsed":110,"timestamp":"2024-11-16T05:41:43.827Z"}
{"level":"info","message":"⌛ Validating pedidosRapi2.wlk","timeElapsed":120,"timestamp":"2024-11-16T05:41:43.947Z"}
{"level":"info","message":"⌛ Validating pedidosRapi2.wlk","timeElapsed":108,"timestamp":"2024-11-16T05:41:44.064Z"}
{"level":"info","message":"⌛ Validating pedidosRapi2.wlk","timeElapsed":111,"timestamp":"2024-11-16T05:41:44.177Z"}
{"level":"info","message":"⌛ Validating pedidosRapi2.wlk","timeElapsed":116,"timestamp":"2024-11-16T05:41:45.023Z"}
{"level":"info","message":"⌛ Validating pedidosRapi2.wlk","timeElapsed":117,"timestamp":"2024-11-16T05:41:45.223Z"}
{"level":"info","message":"⌛ Building environment","timeElapsed":122,"timestamp":"2024-11-16T05:41:45.346Z"}
{"level":"info","message":"⌛ Validating pedidosRapi2.wlk","timeElapsed":112,"timestamp":"2024-11-16T05:41:45.461Z"}
{"level":"info","message":"⌛ Building environment","timeElapsed":113,"timestamp":"2024-11-16T05:41:53.332Z"}
{"level":"info","message":"⌛ Validating pedidosRapi2.wlk","timeElapsed":109,"timestamp":"2024-11-16T05:41:53.443Z"}
{"level":"info","message":"⌛ Validating pedidosRapi2.wlk","timeElapsed":109,"timestamp":"2024-11-16T05:41:54.399Z"}
{"level":"info","message":"⌛ Validating pedidosRapi2.wlk","timeElapsed":114,"timestamp":"2024-11-16T05:41:54.616Z"}
{"level":"info","message":"⌛ Validating pedidosRapi2.wlk","timeElapsed":111,"timestamp":"2024-11-16T05:41:55.729Z"}
{"level":"info","message":"⌛ Validating pedidosRapi2.wlk","timeElapsed":108,"timestamp":"2024-11-16T05:41:56.095Z"}
{"level":"info","message":"⌛ Validating pedidosRapi2.wlk","timeElapsed":107,"timestamp":"2024-11-16T05:41:56.717Z"}
{"level":"info","message":"onRequest - completionItem/resolve","timestamp":"2024-11-16T05:41:56.719Z"}
{"level":"info","message":"⌛ Validating pedidosRapi2.wlk","timeElapsed":115,"timestamp":"2024-11-16T05:41:56.941Z"}
{"level":"info","message":"⌛ Building environment","timeElapsed":157,"timestamp":"2024-11-16T05:41:57.217Z"}
{"level":"info","message":"⌛ Validating pedidosRapi2.wlk","timeElapsed":119,"timestamp":"2024-11-16T05:41:57.428Z"}
{"level":"info","message":"⌛ Validating pedidosRapi2.wlk","timeElapsed":110,"timestamp":"2024-11-16T05:41:57.539Z"}
{"level":"info","message":"⌛ Building environment","timeElapsed":128,"timestamp":"2024-11-16T05:41:57.668Z"}
{"level":"info","message":"⌛ Validating pedidosRapi2.wlk","timeElapsed":123,"timestamp":"2024-11-16T05:41:57.880Z"}
{"level":"info","message":"⌛ Validating pedidosRapi2.wlk","timeElapsed":131,"timestamp":"2024-11-16T05:41:58.012Z"}
{"level":"info","message":"⌛ Building environment","timeElapsed":101,"timestamp":"2024-11-16T05:41:58.113Z"}
{"level":"info","message":"⌛ Validating pedidosRapi2.wlk","timeElapsed":115,"timestamp":"2024-11-16T05:41:58.234Z"}
{"level":"info","message":"⌛ Validating pedidosRapi2.wlk","timeElapsed":114,"timestamp":"2024-11-16T05:41:58.727Z"}
{"level":"info","message":"onRequest - completionItem/resolve","timestamp":"2024-11-16T05:41:58.728Z"}
{"level":"info","message":"⌛ Validating pedidosRapi2.wlk","timeElapsed":118,"timestamp":"2024-11-16T05:41:58.965Z"}
{"level":"info","message":"⌛ Validating pedidosRapi2.wlk","timeElapsed":111,"timestamp":"2024-11-16T05:41:59.267Z"}
{"level":"info","message":"⌛ Validating pedidosRapi2.wlk","timeElapsed":111,"timestamp":"2024-11-16T05:41:59.467Z"}
{"level":"info","message":"⌛ Validating pedidosRapi2.wlk","timeElapsed":109,"timestamp":"2024-11-16T05:41:59.581Z"}
{"level":"info","message":"⌛ Validating pedidosRapi2.wlk","timeElapsed":119,"timestamp":"2024-11-16T05:41:59.819Z"}
{"level":"info","message":"⌛ Validating pedidosRapi2.wlk","timeElapsed":110,"timestamp":"2024-11-16T05:42:00.122Z"}
{"level":"info","message":"⌛ Validating pedidosRapi2.wlk","timeElapsed":119,"timestamp":"2024-11-16T05:42:00.241Z"}
{"level":"info","message":"⌛ Building environment","timeElapsed":113,"timestamp":"2024-11-16T05:42:01.631Z"}
{"level":"info","message":"⌛ Validating pedidosRapi2.wlk","timeElapsed":115,"timestamp":"2024-11-16T05:42:01.764Z"}
{"level":"info","message":"⌛ Validating pedidosRapi2.wlk","timeElapsed":116,"timestamp":"2024-11-16T05:42:02.061Z"}
{"level":"info","message":"⌛ Validating pedidosRapi2.wlk","timeElapsed":183,"timestamp":"2024-11-16T05:42:02.507Z"}
{"level":"info","message":"⌛ Validating pedidosRapi2.wlk","timeElapsed":164,"timestamp":"2024-11-16T05:42:02.772Z"}
{"level":"info","message":"⌛ Validating pedidosRapi2.wlk","timeElapsed":124,"timestamp":"2024-11-16T05:42:03.001Z"}
{"level":"info","message":"⌛ Validating pedidosRapi2.wlk","timeElapsed":122,"timestamp":"2024-11-16T05:42:03.219Z"}
{"level":"info","message":"⌛ Validating pedidosRapi2.wlk","timeElapsed":112,"timestamp":"2024-11-16T05:42:03.524Z"}
{"level":"info","message":"⌛ Validating pedidosRapi2.wlk","timeElapsed":110,"timestamp":"2024-11-16T05:42:03.803Z"}
{"level":"info","message":"⌛ Validating pedidosRapi2.wlk","timeElapsed":121,"timestamp":"2024-11-16T05:42:04.025Z"}
{"level":"info","message":"⌛ Validating pedidosRapi2.wlk","timeElapsed":112,"timestamp":"2024-11-16T05:42:04.138Z"}
{"level":"info","message":"⌛ Validating pedidosRapi2.wlk","timeElapsed":113,"timestamp":"2024-11-16T05:42:04.251Z"}
{"level":"info","message":"⌛ Validating pedidosRapi2.wlk","timeElapsed":115,"timestamp":"2024-11-16T05:42:04.367Z"}
{"level":"info","message":"⌛ Building environment","timeElapsed":119,"timestamp":"2024-11-16T05:42:04.486Z"}
{"level":"info","message":"⌛ Validating pedidosRapi2.wlk","timeElapsed":111,"timestamp":"2024-11-16T05:42:04.602Z"}
{"level":"info","message":"⌛ Validating pedidosRapi2.wlk","timeElapsed":109,"timestamp":"2024-11-16T05:42:04.831Z"}
{"level":"info","message":"⌛ Validating pedidosRapi2.wlk","timeElapsed":112,"timestamp":"2024-11-16T05:42:13.763Z"}
{"level":"info","message":"⌛ Validating pedidosRapi2.wlk","timeElapsed":110,"timestamp":"2024-11-16T05:42:17.342Z"}
{"level":"info","message":"⌛ Validating pedidosRapi2.wlk","timeElapsed":110,"timestamp":"2024-11-16T05:42:20.064Z"}
{"level":"info","message":"⌛ Building environment","timeElapsed":114,"timestamp":"2024-11-16T05:42:20.638Z"}
{"level":"info","message":"⌛ Validating pedidosRapi2.wlk","timeElapsed":131,"timestamp":"2024-11-16T05:42:20.771Z"}
{"level":"info","message":"⌛ Validating pedidosRapi2.wlk","timeElapsed":117,"timestamp":"2024-11-16T05:42:20.984Z"}
{"level":"info","message":"⌛ Validating pedidosRapi2.wlk","timeElapsed":111,"timestamp":"2024-11-16T05:42:22.814Z"}
{"level":"error","message":"✘ Completions for node failed: Error: pedidosRapi2.Shopping.criterio [Field]{7a4b10} at pedidosRapi2.wlk:64 exhausted all cases without a match pedidosRapi2.Shopping.criterio [Field]{7a4b10} at pedidosRapi2.wlk:64 exhausted all cases without a match","stack":"Error: pedidosRapi2.Shopping.criterio [Field]{7a4b10} at pedidosRapi2.wlk:64 exhausted all cases without a match\n    at c:\\Users\\chest\\.vscode\\extensions\\uqbar.wollok-lsp-ide-0.3.6\\out\\server\\src\\server.js:38:6067\n    at yh (c:\\Users\\chest\\.vscode\\extensions\\uqbar.wollok-lsp-ide-0.3.6\\out\\server\\src\\server.js:2291:42)\n    at kh (c:\\Users\\chest\\.vscode\\extensions\\uqbar.wollok-lsp-ide-0.3.6\\out\\server\\src\\server.js:2291:1004)\n    at Y5n (c:\\Users\\chest\\.vscode\\extensions\\uqbar.wollok-lsp-ide-0.3.6\\out\\server\\src\\server.js:2291:1160)\n    at c:\\Users\\chest\\.vscode\\extensions\\uqbar.wollok-lsp-ide-0.3.6\\out\\server\\src\\server.js:38:6056\n    at yh (c:\\Users\\chest\\.vscode\\extensions\\uqbar.wollok-lsp-ide-0.3.6\\out\\server\\src\\server.js:2291:42)\n    at c:\\Users\\chest\\.vscode\\extensions\\uqbar.wollok-lsp-ide-0.3.6\\out\\server\\src\\server.js:2291:2700\n    at c:\\Users\\chest\\.vscode\\extensions\\uqbar.wollok-lsp-ide-0.3.6\\out\\server\\src\\server.js:2298:3774\n    at c:\\Users\\chest\\.vscode\\extensions\\uqbar.wollok-lsp-ide-0.3.6\\out\\server\\src\\server.js:37:74872\n    at Fe (c:\\Users\\chest\\.vscode\\extensions\\uqbar.wollok-lsp-ide-0.3.6\\out\\server\\src\\server.js:7:8527)","timestamp":"2024-11-16T05:42:31.065Z"}
{"level":"info","message":"⌛ Validating pedidosRapi2.wlk","timeElapsed":110,"timestamp":"2024-11-16T05:42:31.177Z"}
{"level":"info","message":"onRequest - completionItem/resolve","timestamp":"2024-11-16T05:42:31.178Z"}
{"level":"info","message":"onRequest - completionItem/resolve","timestamp":"2024-11-16T05:42:31.325Z"}
{"level":"info","message":"⌛ Validating pedidosRapi2.wlk","timeElapsed":119,"timestamp":"2024-11-16T05:42:31.445Z"}
{"level":"info","message":"⌛ Building environment","timeElapsed":104,"timestamp":"2024-11-16T05:42:31.550Z"}
{"level":"info","message":"onRequest - completionItem/resolve","timestamp":"2024-11-16T05:42:31.642Z"}
{"level":"info","message":"⌛ Validating pedidosRapi2.wlk","timeElapsed":126,"timestamp":"2024-11-16T05:42:31.768Z"}
{"level":"info","message":"onRequest - completionItem/resolve","timestamp":"2024-11-16T05:42:31.859Z"}
{"level":"info","message":"⌛ Validating pedidosRapi2.wlk","timeElapsed":119,"timestamp":"2024-11-16T05:42:31.979Z"}
{"level":"info","message":"onRequest - completionItem/resolve","timestamp":"2024-11-16T05:42:32.066Z"}
{"level":"info","message":"onRequest - completionItem/resolve","timestamp":"2024-11-16T05:42:32.152Z"}
{"level":"info","message":"onRequest - completionItem/resolve","timestamp":"2024-11-16T05:42:32.233Z"}
{"level":"info","message":"⌛ Validating pedidosRapi2.wlk","timeElapsed":117,"timestamp":"2024-11-16T05:42:32.350Z"}
{"level":"info","message":"⌛ Validating pedidosRapi2.wlk","timeElapsed":111,"timestamp":"2024-11-16T05:42:32.461Z"}
{"level":"info","message":"⌛ Validating pedidosRapi2.wlk","timeElapsed":115,"timestamp":"2024-11-16T05:42:32.583Z"}
{"level":"info","message":"⌛ Validating pedidosRapi2.wlk","timeElapsed":114,"timestamp":"2024-11-16T05:42:32.697Z"}
{"level":"info","message":"onRequest - completionItem/resolve","timestamp":"2024-11-16T05:42:33.132Z"}
{"level":"info","message":"⌛ Validating pedidosRapi2.wlk","timeElapsed":112,"timestamp":"2024-11-16T05:42:33.244Z"}
{"level":"info","message":"⌛ Building environment","timeElapsed":131,"timestamp":"2024-11-16T05:42:33.499Z"}
{"level":"info","message":"⌛ Validating pedidosRapi2.wlk","timeElapsed":115,"timestamp":"2024-11-16T05:42:33.618Z"}
{"level":"info","message":"⌛ Building environment","timeElapsed":150,"timestamp":"2024-11-16T05:42:33.770Z"}
{"level":"error","message":"✘ Completions for node failed: Error: pedidosRapi2.Shopping.criterio [Field]{55c494} at pedidosRapi2.wlk:64 exhausted all cases without a match pedidosRapi2.Shopping.criterio [Field]{55c494} at pedidosRapi2.wlk:64 exhausted all cases without a match","stack":"Error: pedidosRapi2.Shopping.criterio [Field]{55c494} at pedidosRapi2.wlk:64 exhausted all cases without a match\n    at c:\\Users\\chest\\.vscode\\extensions\\uqbar.wollok-lsp-ide-0.3.6\\out\\server\\src\\server.js:38:6067\n    at yh (c:\\Users\\chest\\.vscode\\extensions\\uqbar.wollok-lsp-ide-0.3.6\\out\\server\\src\\server.js:2291:42)\n    at kh (c:\\Users\\chest\\.vscode\\extensions\\uqbar.wollok-lsp-ide-0.3.6\\out\\server\\src\\server.js:2291:1004)\n    at Y5n (c:\\Users\\chest\\.vscode\\extensions\\uqbar.wollok-lsp-ide-0.3.6\\out\\server\\src\\server.js:2291:1160)\n    at c:\\Users\\chest\\.vscode\\extensions\\uqbar.wollok-lsp-ide-0.3.6\\out\\server\\src\\server.js:38:6056\n    at yh (c:\\Users\\chest\\.vscode\\extensions\\uqbar.wollok-lsp-ide-0.3.6\\out\\server\\src\\server.js:2291:42)\n    at c:\\Users\\chest\\.vscode\\extensions\\uqbar.wollok-lsp-ide-0.3.6\\out\\server\\src\\server.js:2291:2700\n    at c:\\Users\\chest\\.vscode\\extensions\\uqbar.wollok-lsp-ide-0.3.6\\out\\server\\src\\server.js:2298:3774\n    at c:\\Users\\chest\\.vscode\\extensions\\uqbar.wollok-lsp-ide-0.3.6\\out\\server\\src\\server.js:37:74872\n    at Fe (c:\\Users\\chest\\.vscode\\extensions\\uqbar.wollok-lsp-ide-0.3.6\\out\\server\\src\\server.js:7:8527)","timestamp":"2024-11-16T05:42:33.792Z"}
{"level":"info","message":"⌛ Building environment","timeElapsed":115,"timestamp":"2024-11-16T05:42:33.909Z"}
{"level":"info","message":"⌛ Validating pedidosRapi2.wlk","timeElapsed":134,"timestamp":"2024-11-16T05:42:34.043Z"}
{"level":"info","message":"⌛ Validating pedidosRapi2.wlk","timeElapsed":120,"timestamp":"2024-11-16T05:42:34.246Z"}
{"level":"error","message":"✘ Completions for node failed: Error: pedidosRapi2.Shopping.criterio [Field]{0eb7ad} at pedidosRapi2.wlk:64 exhausted all cases without a match pedidosRapi2.Shopping.criterio [Field]{0eb7ad} at pedidosRapi2.wlk:64 exhausted all cases without a match","stack":"Error: pedidosRapi2.Shopping.criterio [Field]{0eb7ad} at pedidosRapi2.wlk:64 exhausted all cases without a match\n    at c:\\Users\\chest\\.vscode\\extensions\\uqbar.wollok-lsp-ide-0.3.6\\out\\server\\src\\server.js:38:6067\n    at yh (c:\\Users\\chest\\.vscode\\extensions\\uqbar.wollok-lsp-ide-0.3.6\\out\\server\\src\\server.js:2291:42)\n    at kh (c:\\Users\\chest\\.vscode\\extensions\\uqbar.wollok-lsp-ide-0.3.6\\out\\server\\src\\server.js:2291:1004)\n    at Y5n (c:\\Users\\chest\\.vscode\\extensions\\uqbar.wollok-lsp-ide-0.3.6\\out\\server\\src\\server.js:2291:1160)\n    at c:\\Users\\chest\\.vscode\\extensions\\uqbar.wollok-lsp-ide-0.3.6\\out\\server\\src\\server.js:38:6056\n    at yh (c:\\Users\\chest\\.vscode\\extensions\\uqbar.wollok-lsp-ide-0.3.6\\out\\server\\src\\server.js:2291:42)\n    at c:\\Users\\chest\\.vscode\\extensions\\uqbar.wollok-lsp-ide-0.3.6\\out\\server\\src\\server.js:2291:2700\n    at c:\\Users\\chest\\.vscode\\extensions\\uqbar.wollok-lsp-ide-0.3.6\\out\\server\\src\\server.js:2298:3774\n    at c:\\Users\\chest\\.vscode\\extensions\\uqbar.wollok-lsp-ide-0.3.6\\out\\server\\src\\server.js:37:74872\n    at Fe (c:\\Users\\chest\\.vscode\\extensions\\uqbar.wollok-lsp-ide-0.3.6\\out\\server\\src\\server.js:7:8527)","timestamp":"2024-11-16T05:42:34.268Z"}
{"level":"info","message":"⌛ Validating pedidosRapi2.wlk","timeElapsed":115,"timestamp":"2024-11-16T05:42:34.470Z"}
{"level":"info","message":"⌛ Validating pedidosRapi2.wlk","timeElapsed":113,"timestamp":"2024-11-16T05:42:34.666Z"}
{"level":"error","message":"✘ Completions for node failed: Error: pedidosRapi2.Shopping.criterio [Field]{415b9f} at pedidosRapi2.wlk:64 exhausted all cases without a match pedidosRapi2.Shopping.criterio [Field]{415b9f} at pedidosRapi2.wlk:64 exhausted all cases without a match","stack":"Error: pedidosRapi2.Shopping.criterio [Field]{415b9f} at pedidosRapi2.wlk:64 exhausted all cases without a match\n    at c:\\Users\\chest\\.vscode\\extensions\\uqbar.wollok-lsp-ide-0.3.6\\out\\server\\src\\server.js:38:6067\n    at yh (c:\\Users\\chest\\.vscode\\extensions\\uqbar.wollok-lsp-ide-0.3.6\\out\\server\\src\\server.js:2291:42)\n    at kh (c:\\Users\\chest\\.vscode\\extensions\\uqbar.wollok-lsp-ide-0.3.6\\out\\server\\src\\server.js:2291:1004)\n    at Y5n (c:\\Users\\chest\\.vscode\\extensions\\uqbar.wollok-lsp-ide-0.3.6\\out\\server\\src\\server.js:2291:1160)\n    at c:\\Users\\chest\\.vscode\\extensions\\uqbar.wollok-lsp-ide-0.3.6\\out\\server\\src\\server.js:38:6056\n    at yh (c:\\Users\\chest\\.vscode\\extensions\\uqbar.wollok-lsp-ide-0.3.6\\out\\server\\src\\server.js:2291:42)\n    at c:\\Users\\chest\\.vscode\\extensions\\uqbar.wollok-lsp-ide-0.3.6\\out\\server\\src\\server.js:2291:2700\n    at c:\\Users\\chest\\.vscode\\extensions\\uqbar.wollok-lsp-ide-0.3.6\\out\\server\\src\\server.js:2298:3774\n    at c:\\Users\\chest\\.vscode\\extensions\\uqbar.wollok-lsp-ide-0.3.6\\out\\server\\src\\server.js:37:74872\n    at Fe (c:\\Users\\chest\\.vscode\\extensions\\uqbar.wollok-lsp-ide-0.3.6\\out\\server\\src\\server.js:7:8527)","timestamp":"2024-11-16T05:42:34.771Z"}
{"level":"info","message":"⌛ Validating pedidosRapi2.wlk","timeElapsed":130,"timestamp":"2024-11-16T05:42:34.901Z"}
{"level":"info","message":"⌛ Validating pedidosRapi2.wlk","timeElapsed":166,"timestamp":"2024-11-16T05:42:35.071Z"}
{"level":"info","message":"⌛ Building environment","timeElapsed":104,"timestamp":"2024-11-16T05:42:35.177Z"}
{"level":"error","message":"✘ Completions for node failed: Error: pedidosRapi2.Shopping.criterio [Field]{9380d5} at pedidosRapi2.wlk:64 exhausted all cases without a match pedidosRapi2.Shopping.criterio [Field]{9380d5} at pedidosRapi2.wlk:64 exhausted all cases without a match","stack":"Error: pedidosRapi2.Shopping.criterio [Field]{9380d5} at pedidosRapi2.wlk:64 exhausted all cases without a match\n    at c:\\Users\\chest\\.vscode\\extensions\\uqbar.wollok-lsp-ide-0.3.6\\out\\server\\src\\server.js:38:6067\n    at yh (c:\\Users\\chest\\.vscode\\extensions\\uqbar.wollok-lsp-ide-0.3.6\\out\\server\\src\\server.js:2291:42)\n    at kh (c:\\Users\\chest\\.vscode\\extensions\\uqbar.wollok-lsp-ide-0.3.6\\out\\server\\src\\server.js:2291:1004)\n    at Y5n (c:\\Users\\chest\\.vscode\\extensions\\uqbar.wollok-lsp-ide-0.3.6\\out\\server\\src\\server.js:2291:1160)\n    at c:\\Users\\chest\\.vscode\\extensions\\uqbar.wollok-lsp-ide-0.3.6\\out\\server\\src\\server.js:38:6056\n    at yh (c:\\Users\\chest\\.vscode\\extensions\\uqbar.wollok-lsp-ide-0.3.6\\out\\server\\src\\server.js:2291:42)\n    at c:\\Users\\chest\\.vscode\\extensions\\uqbar.wollok-lsp-ide-0.3.6\\out\\server\\src\\server.js:2291:2700\n    at c:\\Users\\chest\\.vscode\\extensions\\uqbar.wollok-lsp-ide-0.3.6\\out\\server\\src\\server.js:2298:3774\n    at c:\\Users\\chest\\.vscode\\extensions\\uqbar.wollok-lsp-ide-0.3.6\\out\\server\\src\\server.js:37:74872\n    at Fe (c:\\Users\\chest\\.vscode\\extensions\\uqbar.wollok-lsp-ide-0.3.6\\out\\server\\src\\server.js:7:8527)","timestamp":"2024-11-16T05:42:35.200Z"}
{"level":"info","message":"⌛ Validating pedidosRapi2.wlk","timeElapsed":118,"timestamp":"2024-11-16T05:42:35.500Z"}
{"level":"info","message":"⌛ Validating pedidosRapi2.wlk","timeElapsed":118,"timestamp":"2024-11-16T05:42:35.706Z"}
{"level":"info","message":"⌛ Building environment","timeElapsed":383,"timestamp":"2024-11-16T05:42:36.090Z"}
{"level":"error","message":"✘ Completions for node failed: Error: pedidosRapi2.Shopping.criterio [Field]{64bbf4} at pedidosRapi2.wlk:64 exhausted all cases without a match pedidosRapi2.Shopping.criterio [Field]{64bbf4} at pedidosRapi2.wlk:64 exhausted all cases without a match","stack":"Error: pedidosRapi2.Shopping.criterio [Field]{64bbf4} at pedidosRapi2.wlk:64 exhausted all cases without a match\n    at c:\\Users\\chest\\.vscode\\extensions\\uqbar.wollok-lsp-ide-0.3.6\\out\\server\\src\\server.js:38:6067\n    at yh (c:\\Users\\chest\\.vscode\\extensions\\uqbar.wollok-lsp-ide-0.3.6\\out\\server\\src\\server.js:2291:42)\n    at kh (c:\\Users\\chest\\.vscode\\extensions\\uqbar.wollok-lsp-ide-0.3.6\\out\\server\\src\\server.js:2291:1004)\n    at Y5n (c:\\Users\\chest\\.vscode\\extensions\\uqbar.wollok-lsp-ide-0.3.6\\out\\server\\src\\server.js:2291:1160)\n    at c:\\Users\\chest\\.vscode\\extensions\\uqbar.wollok-lsp-ide-0.3.6\\out\\server\\src\\server.js:38:6056\n    at yh (c:\\Users\\chest\\.vscode\\extensions\\uqbar.wollok-lsp-ide-0.3.6\\out\\server\\src\\server.js:2291:42)\n    at c:\\Users\\chest\\.vscode\\extensions\\uqbar.wollok-lsp-ide-0.3.6\\out\\server\\src\\server.js:2291:2700\n    at c:\\Users\\chest\\.vscode\\extensions\\uqbar.wollok-lsp-ide-0.3.6\\out\\server\\src\\server.js:2298:3774\n    at c:\\Users\\chest\\.vscode\\extensions\\uqbar.wollok-lsp-ide-0.3.6\\out\\server\\src\\server.js:37:74872\n    at Fe (c:\\Users\\chest\\.vscode\\extensions\\uqbar.wollok-lsp-ide-0.3.6\\out\\server\\src\\server.js:7:8527)","timestamp":"2024-11-16T05:42:36.109Z"}
{"level":"info","message":"⌛ Validating pedidosRapi2.wlk","timeElapsed":110,"timestamp":"2024-11-16T05:42:36.219Z"}
{"level":"info","message":"⌛ Validating pedidosRapi2.wlk","timeElapsed":112,"timestamp":"2024-11-16T05:42:36.414Z"}
{"level":"info","message":"⌛ Validating pedidosRapi2.wlk","timeElapsed":113,"timestamp":"2024-11-16T05:42:36.533Z"}
{"level":"info","message":"⌛ Validating pedidosRapi2.wlk","timeElapsed":107,"timestamp":"2024-11-16T05:42:36.641Z"}
{"level":"info","message":"⌛ Validating pedidosRapi2.wlk","timeElapsed":108,"timestamp":"2024-11-16T05:42:38.246Z"}
{"level":"info","message":"⌛ Validating pedidosRapi2.wlk","timeElapsed":110,"timestamp":"2024-11-16T05:42:38.447Z"}
{"level":"info","message":"⌛ Validating pedidosRapi2.wlk","timeElapsed":124,"timestamp":"2024-11-16T05:42:39.203Z"}
{"level":"info","message":"onRequest - completionItem/resolve","timestamp":"2024-11-16T05:42:39.205Z"}
{"level":"info","message":"onRequest - completionItem/resolve","timestamp":"2024-11-16T05:42:39.290Z"}
{"level":"info","message":"onRequest - completionItem/resolve","timestamp":"2024-11-16T05:42:39.388Z"}
{"level":"info","message":"⌛ Validating pedidosRapi2.wlk","timeElapsed":116,"timestamp":"2024-11-16T05:42:39.504Z"}
{"level":"info","message":"onRequest - completionItem/resolve","timestamp":"2024-11-16T05:42:39.592Z"}
{"level":"info","message":"⌛ Validating pedidosRapi2.wlk","timeElapsed":115,"timestamp":"2024-11-16T05:42:39.707Z"}
{"level":"info","message":"onRequest - completionItem/resolve","timestamp":"2024-11-16T05:42:39.796Z"}
{"level":"error","message":"✘ Failed to rebuild document Failed to parse pedidosRapi2.wlk: \n-- PARSING FAILED --------------------------------------------------\n\n  65 | \n  66 |     method\n> 67 | }\n     | ^\n  68 | \n  69 | object criterioCantidadVentas{\n\nExpected one of the following: \n\n'!=', '!==', '%', '&&', '*', '**', '+', '-', '->', '..', '..<', '/', '<', '<<', '<<<', '<=', '<=>', '<>', '==', '===', '>', '>..', '>=', '>>', '>>>', '?:', 'and', 'invert', 'negate', 'or', 'plus', '||', identifier, whitespace\n","stack":"Error: Failed to parse pedidosRapi2.wlk: \n-- PARSING FAILED --------------------------------------------------\n\n  65 | \n  66 |     method\n> 67 | }\n     | ^\n  68 | \n  69 | object criterioCantidadVentas{\n\nExpected one of the following: \n\n'!=', '!==', '%', '&&', '*', '**', '+', '-', '->', '..', '..<', '/', '<', '<<', '<<<', '<=', '<=>', '<>', '==', '===', '>', '>..', '>=', '>>', '>>>', '?:', 'and', 'invert', 'negate', 'or', 'plus', '||', identifier, whitespace\n\n    at c:\\Users\\chest\\.vscode\\extensions\\uqbar.wollok-lsp-ide-0.3.6\\out\\server\\src\\server.js:2254:32415\n    at Array.map (<anonymous>)\n    at Jfn (c:\\Users\\chest\\.vscode\\extensions\\uqbar.wollok-lsp-ide-0.3.6\\out\\server\\src\\server.js:2254:32339)\n    at k2.buildEnvironmentFrom (c:\\Users\\chest\\.vscode\\extensions\\uqbar.wollok-lsp-ide-0.3.6\\out\\server\\src\\server.js:2285:6721)\n    at k2.updateEnvironmentWith (c:\\Users\\chest\\.vscode\\extensions\\uqbar.wollok-lsp-ide-0.3.6\\out\\server\\src\\server.js:2285:6456)\n    at jL (c:\\Users\\chest\\.vscode\\extensions\\uqbar.wollok-lsp-ide-0.3.6\\out\\server\\src\\server.js:2298:2292)\n    at v3.invoke (c:\\Users\\chest\\.vscode\\extensions\\uqbar.wollok-lsp-ide-0.3.6\\out\\server\\src\\server.js:3:157200)\n    at o.fire (c:\\Users\\chest\\.vscode\\extensions\\uqbar.wollok-lsp-ide-0.3.6\\out\\server\\src\\server.js:3:157970)\n    at c:\\Users\\chest\\.vscode\\extensions\\uqbar.wollok-lsp-ide-0.3.6\\out\\server\\src\\server.js:37:57871\n    at Vr (c:\\Users\\chest\\.vscode\\extensions\\uqbar.wollok-lsp-ide-0.3.6\\out\\server\\src\\server.js:8:1561)","timestamp":"2024-11-16T05:42:39.815Z"}
{"level":"info","message":"onRequest - completionItem/resolve","timestamp":"2024-11-16T05:42:39.815Z"}
{"level":"info","message":"⌛ Validating pedidosRapi2.wlk","timeElapsed":127,"timestamp":"2024-11-16T05:42:39.942Z"}
{"level":"error","message":"✘ Failed to rebuild document Failed to parse pedidosRapi2.wlk: \n-- PARSING FAILED --------------------------------------------------\n\n  65 | \n  66 |     method \n> 67 | }\n     | ^\n  68 | \n  69 | object criterioCantidadVentas{\n\nExpected one of the following: \n\n'!=', '!==', '%', '&&', '*', '**', '+', '-', '->', '..', '..<', '/', '<', '<<', '<<<', '<=', '<=>', '<>', '==', '===', '>', '>..', '>=', '>>', '>>>', '?:', 'and', 'invert', 'negate', 'or', 'plus', '||', identifier, whitespace\n","stack":"Error: Failed to parse pedidosRapi2.wlk: \n-- PARSING FAILED --------------------------------------------------\n\n  65 | \n  66 |     method \n> 67 | }\n     | ^\n  68 | \n  69 | object criterioCantidadVentas{\n\nExpected one of the following: \n\n'!=', '!==', '%', '&&', '*', '**', '+', '-', '->', '..', '..<', '/', '<', '<<', '<<<', '<=', '<=>', '<>', '==', '===', '>', '>..', '>=', '>>', '>>>', '?:', 'and', 'invert', 'negate', 'or', 'plus', '||', identifier, whitespace\n\n    at c:\\Users\\chest\\.vscode\\extensions\\uqbar.wollok-lsp-ide-0.3.6\\out\\server\\src\\server.js:2254:32415\n    at Array.map (<anonymous>)\n    at Jfn (c:\\Users\\chest\\.vscode\\extensions\\uqbar.wollok-lsp-ide-0.3.6\\out\\server\\src\\server.js:2254:32339)\n    at k2.buildEnvironmentFrom (c:\\Users\\chest\\.vscode\\extensions\\uqbar.wollok-lsp-ide-0.3.6\\out\\server\\src\\server.js:2285:6721)\n    at k2.updateEnvironmentWith (c:\\Users\\chest\\.vscode\\extensions\\uqbar.wollok-lsp-ide-0.3.6\\out\\server\\src\\server.js:2285:6456)\n    at jL (c:\\Users\\chest\\.vscode\\extensions\\uqbar.wollok-lsp-ide-0.3.6\\out\\server\\src\\server.js:2298:2292)\n    at v3.invoke (c:\\Users\\chest\\.vscode\\extensions\\uqbar.wollok-lsp-ide-0.3.6\\out\\server\\src\\server.js:3:157200)\n    at o.fire (c:\\Users\\chest\\.vscode\\extensions\\uqbar.wollok-lsp-ide-0.3.6\\out\\server\\src\\server.js:3:157970)\n    at c:\\Users\\chest\\.vscode\\extensions\\uqbar.wollok-lsp-ide-0.3.6\\out\\server\\src\\server.js:37:57871\n    at Vr (c:\\Users\\chest\\.vscode\\extensions\\uqbar.wollok-lsp-ide-0.3.6\\out\\server\\src\\server.js:8:1561)","timestamp":"2024-11-16T05:42:39.955Z"}
{"level":"info","message":"onRequest - completionItem/resolve","timestamp":"2024-11-16T05:42:39.955Z"}
{"level":"info","message":"⌛ Validating pedidosRapi2.wlk","timeElapsed":122,"timestamp":"2024-11-16T05:42:40.077Z"}
{"level":"info","message":"onRequest - completionItem/resolve","timestamp":"2024-11-16T05:42:45.519Z"}
{"level":"info","message":"⌛ Validating pedidosRapi2.wlk","timeElapsed":121,"timestamp":"2024-11-16T05:42:45.729Z"}
{"level":"info","message":"⌛ Validating pedidosRapi2.wlk","timeElapsed":133,"timestamp":"2024-11-16T05:42:45.881Z"}
{"level":"info","message":"onRequest - completionItem/resolve","timestamp":"2024-11-16T05:42:45.978Z"}
{"level":"info","message":"onRequest - completionItem/resolve","timestamp":"2024-11-16T05:42:46.063Z"}
{"level":"info","message":"onRequest - completionItem/resolve","timestamp":"2024-11-16T05:42:46.155Z"}
{"level":"info","message":"⌛ Validating pedidosRapi2.wlk","timeElapsed":118,"timestamp":"2024-11-16T05:42:46.273Z"}
{"level":"info","message":"⌛ Validating pedidosRapi2.wlk","timeElapsed":123,"timestamp":"2024-11-16T05:42:46.396Z"}
{"level":"info","message":"⌛ Validating pedidosRapi2.wlk","timeElapsed":188,"timestamp":"2024-11-16T05:42:46.585Z"}
{"level":"info","message":"onRequest - completionItem/resolve","timestamp":"2024-11-16T05:42:46.679Z"}
{"level":"info","message":"onRequest - completionItem/resolve","timestamp":"2024-11-16T05:42:46.763Z"}
{"level":"info","message":"onRequest - completionItem/resolve","timestamp":"2024-11-16T05:42:46.842Z"}
{"level":"info","message":"⌛ Validating pedidosRapi2.wlk","timeElapsed":117,"timestamp":"2024-11-16T05:42:46.963Z"}
{"level":"info","message":"⌛ Validating pedidosRapi2.wlk","timeElapsed":109,"timestamp":"2024-11-16T05:42:47.072Z"}
{"level":"info","message":"⌛ Validating pedidosRapi2.wlk","timeElapsed":112,"timestamp":"2024-11-16T05:42:47.188Z"}
{"level":"info","message":"onRequest - completionItem/resolve","timestamp":"2024-11-16T05:42:47.281Z"}
{"level":"info","message":"⌛ Validating pedidosRapi2.wlk","timeElapsed":118,"timestamp":"2024-11-16T05:42:47.514Z"}
{"level":"info","message":"⌛ Validating pedidosRapi2.wlk","timeElapsed":155,"timestamp":"2024-11-16T05:42:47.670Z"}
{"level":"info","message":"⌛ Building environment","timeElapsed":107,"timestamp":"2024-11-16T05:42:47.778Z"}
{"level":"info","message":"⌛ Building environment","timeElapsed":452,"timestamp":"2024-11-16T05:42:48.251Z"}
{"level":"info","message":"⌛ Validating pedidosRapi2.wlk","timeElapsed":126,"timestamp":"2024-11-16T05:42:48.461Z"}
{"level":"info","message":"⌛ Building environment","timeElapsed":115,"timestamp":"2024-11-16T05:42:48.581Z"}
{"level":"info","message":"⌛ Validating pedidosRapi2.wlk","timeElapsed":116,"timestamp":"2024-11-16T05:42:48.724Z"}
{"level":"info","message":"⌛ Validating pedidosRapi2.wlk","timeElapsed":118,"timestamp":"2024-11-16T05:42:48.842Z"}
{"level":"info","message":"⌛ Validating pedidosRapi2.wlk","timeElapsed":121,"timestamp":"2024-11-16T05:42:49.051Z"}
{"level":"info","message":"⌛ Building environment","timeElapsed":156,"timestamp":"2024-11-16T05:42:49.297Z"}
{"level":"info","message":"⌛ Validating pedidosRapi2.wlk","timeElapsed":127,"timestamp":"2024-11-16T05:42:49.537Z"}
{"level":"info","message":"⌛ Validating pedidosRapi2.wlk","timeElapsed":113,"timestamp":"2024-11-16T05:42:49.921Z"}
{"level":"info","message":"⌛ Validating pedidosRapi2.wlk","timeElapsed":111,"timestamp":"2024-11-16T05:42:50.032Z"}
{"level":"info","message":"⌛ Validating pedidosRapi2.wlk","timeElapsed":113,"timestamp":"2024-11-16T05:42:50.149Z"}
{"level":"info","message":"⌛ Validating pedidosRapi2.wlk","timeElapsed":112,"timestamp":"2024-11-16T05:42:50.262Z"}
{"level":"info","message":"⌛ Validating pedidosRapi2.wlk","timeElapsed":109,"timestamp":"2024-11-16T05:42:50.372Z"}
{"level":"info","message":"⌛ Validating pedidosRapi2.wlk","timeElapsed":121,"timestamp":"2024-11-16T05:42:50.493Z"}
{"level":"info","message":"⌛ Validating pedidosRapi2.wlk","timeElapsed":116,"timestamp":"2024-11-16T05:42:50.699Z"}
{"level":"info","message":"⌛ Validating pedidosRapi2.wlk","timeElapsed":111,"timestamp":"2024-11-16T05:42:53.670Z"}
{"level":"info","message":"⌛ Building environment","timeElapsed":119,"timestamp":"2024-11-16T05:42:54.873Z"}
{"level":"info","message":"⌛ Validating pedidosRapi2.wlk","timeElapsed":110,"timestamp":"2024-11-16T05:42:54.987Z"}
{"level":"error","message":"✘ Completions for node failed: Error: [Parameter]{c95249} at pedidosRapi2.wlk:74 exhausted all cases without a match [Parameter]{c95249} at pedidosRapi2.wlk:74 exhausted all cases without a match","stack":"Error: [Parameter]{c95249} at pedidosRapi2.wlk:74 exhausted all cases without a match\n    at c:\\Users\\chest\\.vscode\\extensions\\uqbar.wollok-lsp-ide-0.3.6\\out\\server\\src\\server.js:38:6067\n    at yh (c:\\Users\\chest\\.vscode\\extensions\\uqbar.wollok-lsp-ide-0.3.6\\out\\server\\src\\server.js:2291:42)\n    at c:\\Users\\chest\\.vscode\\extensions\\uqbar.wollok-lsp-ide-0.3.6\\out\\server\\src\\server.js:2291:2700\n    at c:\\Users\\chest\\.vscode\\extensions\\uqbar.wollok-lsp-ide-0.3.6\\out\\server\\src\\server.js:2298:3774\n    at c:\\Users\\chest\\.vscode\\extensions\\uqbar.wollok-lsp-ide-0.3.6\\out\\server\\src\\server.js:37:74872\n    at Fe (c:\\Users\\chest\\.vscode\\extensions\\uqbar.wollok-lsp-ide-0.3.6\\out\\server\\src\\server.js:7:8527)\n    at Pt (c:\\Users\\chest\\.vscode\\extensions\\uqbar.wollok-lsp-ide-0.3.6\\out\\server\\src\\server.js:7:6189)\n    at Gi (c:\\Users\\chest\\.vscode\\extensions\\uqbar.wollok-lsp-ide-0.3.6\\out\\server\\src\\server.js:7:6378)\n    at Immediate._onImmediate (c:\\Users\\chest\\.vscode\\extensions\\uqbar.wollok-lsp-ide-0.3.6\\out\\server\\src\\server.js:7:6142)\n    at process.processImmediate (node:internal/timers:483:21)","timestamp":"2024-11-16T05:43:04.861Z"}
{"level":"info","message":"⌛ Validating pedidosRapi2.wlk","timeElapsed":142,"timestamp":"2024-11-16T05:43:05.093Z"}
{"level":"info","message":"onRequest - completionItem/resolve","timestamp":"2024-11-16T05:43:05.093Z"}
{"level":"error","message":"✘ Completions for node failed: Error: [Parameter]{466ed3} at pedidosRapi2.wlk:74 exhausted all cases without a match [Parameter]{466ed3} at pedidosRapi2.wlk:74 exhausted all cases without a match","stack":"Error: [Parameter]{466ed3} at pedidosRapi2.wlk:74 exhausted all cases without a match\n    at c:\\Users\\chest\\.vscode\\extensions\\uqbar.wollok-lsp-ide-0.3.6\\out\\server\\src\\server.js:38:6067\n    at yh (c:\\Users\\chest\\.vscode\\extensions\\uqbar.wollok-lsp-ide-0.3.6\\out\\server\\src\\server.js:2291:42)\n    at c:\\Users\\chest\\.vscode\\extensions\\uqbar.wollok-lsp-ide-0.3.6\\out\\server\\src\\server.js:2291:2700\n    at c:\\Users\\chest\\.vscode\\extensions\\uqbar.wollok-lsp-ide-0.3.6\\out\\server\\src\\server.js:2298:3774\n    at c:\\Users\\chest\\.vscode\\extensions\\uqbar.wollok-lsp-ide-0.3.6\\out\\server\\src\\server.js:37:74872\n    at Fe (c:\\Users\\chest\\.vscode\\extensions\\uqbar.wollok-lsp-ide-0.3.6\\out\\server\\src\\server.js:7:8527)\n    at Pt (c:\\Users\\chest\\.vscode\\extensions\\uqbar.wollok-lsp-ide-0.3.6\\out\\server\\src\\server.js:7:6189)\n    at Gi (c:\\Users\\chest\\.vscode\\extensions\\uqbar.wollok-lsp-ide-0.3.6\\out\\server\\src\\server.js:7:6378)\n    at Immediate._onImmediate (c:\\Users\\chest\\.vscode\\extensions\\uqbar.wollok-lsp-ide-0.3.6\\out\\server\\src\\server.js:7:6142)\n    at process.processImmediate (node:internal/timers:483:21)","timestamp":"2024-11-16T05:43:05.214Z"}
{"level":"info","message":"⌛ Validating pedidosRapi2.wlk","timeElapsed":120,"timestamp":"2024-11-16T05:43:05.337Z"}
{"level":"info","message":"⌛ Validating pedidosRapi2.wlk","timeElapsed":109,"timestamp":"2024-11-16T05:43:05.632Z"}
{"level":"error","message":"✘ Completions for node failed: Error: [Parameter]{d4d217} at pedidosRapi2.wlk:74 exhausted all cases without a match [Parameter]{d4d217} at pedidosRapi2.wlk:74 exhausted all cases without a match","stack":"Error: [Parameter]{d4d217} at pedidosRapi2.wlk:74 exhausted all cases without a match\n    at c:\\Users\\chest\\.vscode\\extensions\\uqbar.wollok-lsp-ide-0.3.6\\out\\server\\src\\server.js:38:6067\n    at yh (c:\\Users\\chest\\.vscode\\extensions\\uqbar.wollok-lsp-ide-0.3.6\\out\\server\\src\\server.js:2291:42)\n    at c:\\Users\\chest\\.vscode\\extensions\\uqbar.wollok-lsp-ide-0.3.6\\out\\server\\src\\server.js:2291:2700\n    at c:\\Users\\chest\\.vscode\\extensions\\uqbar.wollok-lsp-ide-0.3.6\\out\\server\\src\\server.js:2298:3774\n    at c:\\Users\\chest\\.vscode\\extensions\\uqbar.wollok-lsp-ide-0.3.6\\out\\server\\src\\server.js:37:74872\n    at Fe (c:\\Users\\chest\\.vscode\\extensions\\uqbar.wollok-lsp-ide-0.3.6\\out\\server\\src\\server.js:7:8527)\n    at Pt (c:\\Users\\chest\\.vscode\\extensions\\uqbar.wollok-lsp-ide-0.3.6\\out\\server\\src\\server.js:7:6189)\n    at Gi (c:\\Users\\chest\\.vscode\\extensions\\uqbar.wollok-lsp-ide-0.3.6\\out\\server\\src\\server.js:7:6378)\n    at Immediate._onImmediate (c:\\Users\\chest\\.vscode\\extensions\\uqbar.wollok-lsp-ide-0.3.6\\out\\server\\src\\server.js:7:6142)\n    at process.processImmediate (node:internal/timers:483:21)","timestamp":"2024-11-16T05:43:05.733Z"}
{"level":"info","message":"⌛ Validating pedidosRapi2.wlk","timeElapsed":112,"timestamp":"2024-11-16T05:43:05.933Z"}
{"level":"info","message":"⌛ Validating pedidosRapi2.wlk","timeElapsed":110,"timestamp":"2024-11-16T05:43:06.043Z"}
{"level":"info","message":"⌛ Validating pedidosRapi2.wlk","timeElapsed":112,"timestamp":"2024-11-16T05:43:06.160Z"}
{"level":"info","message":"⌛ Validating pedidosRapi2.wlk","timeElapsed":117,"timestamp":"2024-11-16T05:43:06.277Z"}
{"level":"info","message":"⌛ Validating pedidosRapi2.wlk","timeElapsed":140,"timestamp":"2024-11-16T05:43:08.029Z"}
{"level":"info","message":"⌛ Validating pedidosRapi2.wlk","timeElapsed":116,"timestamp":"2024-11-16T05:43:13.271Z"}
{"level":"info","message":"onRequest - completionItem/resolve","timestamp":"2024-11-16T05:43:13.271Z"}
{"level":"info","message":"⌛ Validating pedidosRapi2.wlk","timeElapsed":110,"timestamp":"2024-11-16T05:43:13.601Z"}
{"level":"info","message":"⌛ Building environment","timeElapsed":131,"timestamp":"2024-11-16T05:43:13.861Z"}
{"level":"info","message":"⌛ Validating pedidosRapi2.wlk","timeElapsed":113,"timestamp":"2024-11-16T05:43:13.979Z"}
{"level":"info","message":"⌛ Validating pedidosRapi2.wlk","timeElapsed":113,"timestamp":"2024-11-16T05:43:14.736Z"}
{"level":"info","message":"⌛ Validating pedidosRapi2.wlk","timeElapsed":118,"timestamp":"2024-11-16T05:43:15.128Z"}
{"level":"info","message":"⌛ Validating pedidosRapi2.wlk","timeElapsed":121,"timestamp":"2024-11-16T05:43:15.427Z"}
{"level":"info","message":"⌛ Validating pedidosRapi2.wlk","timeElapsed":111,"timestamp":"2024-11-16T05:43:15.621Z"}
{"level":"info","message":"⌛ Building environment","timeElapsed":136,"timestamp":"2024-11-16T05:43:15.758Z"}
{"level":"info","message":"⌛ Validating pedidosRapi2.wlk","timeElapsed":126,"timestamp":"2024-11-16T05:43:15.979Z"}
{"level":"info","message":"⌛ Validating pedidosRapi2.wlk","timeElapsed":116,"timestamp":"2024-11-16T05:43:16.211Z"}
{"level":"info","message":"⌛ Validating pedidosRapi2.wlk","timeElapsed":118,"timestamp":"2024-11-16T05:43:16.331Z"}
{"level":"info","message":"⌛ Validating pedidosRapi2.wlk","timeElapsed":114,"timestamp":"2024-11-16T05:43:16.446Z"}
{"level":"info","message":"onRequest - completionItem/resolve","timestamp":"2024-11-16T05:43:16.447Z"}
{"level":"info","message":"⌛ Validating pedidosRapi2.wlk","timeElapsed":120,"timestamp":"2024-11-16T05:43:27.901Z"}
{"level":"info","message":"onRequest - completionItem/resolve","timestamp":"2024-11-16T05:43:27.901Z"}
{"level":"info","message":"onRequest - completionItem/resolve","timestamp":"2024-11-16T05:43:27.990Z"}
{"level":"info","message":"⌛ Validating pedidosRapi2.wlk","timeElapsed":122,"timestamp":"2024-11-16T05:43:28.112Z"}
{"level":"info","message":"onRequest - completionItem/resolve","timestamp":"2024-11-16T05:43:28.205Z"}
{"level":"info","message":"⌛ Validating pedidosRapi2.wlk","timeElapsed":121,"timestamp":"2024-11-16T05:43:28.326Z"}
{"level":"info","message":"onRequest - completionItem/resolve","timestamp":"2024-11-16T05:43:28.409Z"}
{"level":"info","message":"onRequest - completionItem/resolve","timestamp":"2024-11-16T05:43:28.499Z"}
{"level":"info","message":"⌛ Validating pedidosRapi2.wlk","timeElapsed":118,"timestamp":"2024-11-16T05:43:28.617Z"}
{"level":"info","message":"onRequest - completionItem/resolve","timestamp":"2024-11-16T05:43:28.713Z"}
{"level":"info","message":"⌛ Validating pedidosRapi2.wlk","timeElapsed":109,"timestamp":"2024-11-16T05:43:28.822Z"}
{"level":"info","message":"⌛ Building environment","timeElapsed":127,"timestamp":"2024-11-16T05:43:28.949Z"}
{"level":"info","message":"onRequest - completionItem/resolve","timestamp":"2024-11-16T05:43:28.949Z"}
{"level":"info","message":"⌛ Validating pedidosRapi2.wlk","timeElapsed":108,"timestamp":"2024-11-16T05:43:29.057Z"}
{"level":"info","message":"⌛ Validating pedidosRapi2.wlk","timeElapsed":105,"timestamp":"2024-11-16T05:43:29.168Z"}
{"level":"info","message":"⌛ Validating pedidosRapi2.wlk","timeElapsed":117,"timestamp":"2024-11-16T05:43:29.286Z"}
{"level":"info","message":"⌛ Validating pedidosRapi2.wlk","timeElapsed":135,"timestamp":"2024-11-16T05:43:30.962Z"}
{"level":"info","message":"onRequest - completionItem/resolve","timestamp":"2024-11-16T05:43:30.964Z"}
{"level":"info","message":"⌛ Validating pedidosRapi2.wlk","timeElapsed":113,"timestamp":"2024-11-16T05:43:31.078Z"}
{"level":"info","message":"⌛ Building environment","timeElapsed":109,"timestamp":"2024-11-16T05:43:31.196Z"}
{"level":"info","message":"⌛ Validating pedidosRapi2.wlk","timeElapsed":114,"timestamp":"2024-11-16T05:43:31.311Z"}
{"level":"info","message":"onRequest - completionItem/resolve","timestamp":"2024-11-16T05:43:31.407Z"}
{"level":"info","message":"onRequest - completionItem/resolve","timestamp":"2024-11-16T05:43:31.505Z"}
{"level":"info","message":"⌛ Validating pedidosRapi2.wlk","timeElapsed":119,"timestamp":"2024-11-16T05:43:31.624Z"}
{"level":"info","message":"onRequest - completionItem/resolve","timestamp":"2024-11-16T05:43:31.711Z"}
{"level":"info","message":"⌛ Validating pedidosRapi2.wlk","timeElapsed":159,"timestamp":"2024-11-16T05:43:31.870Z"}
{"level":"info","message":"onRequest - completionItem/resolve","timestamp":"2024-11-16T05:43:31.949Z"}
{"level":"info","message":"⌛ Validating pedidosRapi2.wlk","timeElapsed":115,"timestamp":"2024-11-16T05:43:32.065Z"}
{"level":"info","message":"onRequest - completionItem/resolve","timestamp":"2024-11-16T05:43:32.148Z"}
{"level":"info","message":"⌛ Validating pedidosRapi2.wlk","timeElapsed":124,"timestamp":"2024-11-16T05:43:32.272Z"}
{"level":"info","message":"⌛ Validating pedidosRapi2.wlk","timeElapsed":112,"timestamp":"2024-11-16T05:43:32.389Z"}
{"level":"error","message":"✘ Failed to get type description: Error: Failed to print, found malformed node Failed to print, found malformed node","node":{"id":"68d51a5a-e5fd-46ba-a57e-aa4c158865e1","metadata":[],"problems":[{"code":"malformedSentence","sourceMap":{"end":{"column":45,"line":66,"offset":1981},"start":{"column":44,"line":66,"offset":1980}}}],"scope":{"containerScope":{"containerScope":{"containerScope":{"containerScope":{"contributions":{},"includedScopes":[]},"contributions":{},"includedScopes":[]},"contributions":{},"includedScopes":[{"containerScope":{"containerScope":{"containerScope":{"contributions":{},"includedScopes":[]},"contributions":{},"includedScopes":[]},"contributions":{},"includedScopes":[]},"contributions":{},"includedScopes":[]}]},"contributions":{},"includedScopes":[]},"contributions":{},"includedScopes":[]},"sentences":[{"id":"783d6478-88c4-48eb-84ee-d240c2f59d0d","metadata":[],"name":"criterio","scope":{"containerScope":{"containerScope":{"containerScope":{"containerScope":{"containerScope":{"contributions":{},"includedScopes":[]},"contributions":{},"includedScopes":[]},"contributions":{},"includedScopes":[{"containerScope":{"containerScope":{"containerScope":{"contributions":{},"includedScopes":[]},"contributions":{},"includedScopes":[]},"contributions":{},"includedScopes":[]},"contributions":{},"includedScopes":[]}]},"contributions":{},"includedScopes":[]},"contributions":{},"includedScopes":[]},"contributions":{},"includedScopes":[]},"sourceMap":{"end":{"column":44,"line":66,"offset":1980},"start":{"column":36,"line":66,"offset":1972}}}],"sourceMap":{"end":{"column":46,"line":66,"offset":1982},"start":{"column":35,"line":66,"offset":1971}}},"stack":"Error: Failed to print, found malformed node\n    at c:\\Users\\chest\\.vscode\\extensions\\uqbar.wollok-lsp-ide-0.3.6\\out\\server\\src\\server.js:68:3533\n    at c:\\Users\\chest\\.vscode\\extensions\\uqbar.wollok-lsp-ide-0.3.6\\out\\server\\src\\server.js:68:5372\n    at c:\\Users\\chest\\.vscode\\extensions\\uqbar.wollok-lsp-ide-0.3.6\\out\\server\\src\\server.js:38:6056\n    at c:\\Users\\chest\\.vscode\\extensions\\uqbar.wollok-lsp-ide-0.3.6\\out\\server\\src\\server.js:68:3612\n    at aln (c:\\Users\\chest\\.vscode\\extensions\\uqbar.wollok-lsp-ide-0.3.6\\out\\server\\src\\server.js:68:3344)\n    at c:\\Users\\chest\\.vscode\\extensions\\uqbar.wollok-lsp-ide-0.3.6\\out\\server\\src\\server.js:2285:847\n    at c:\\Users\\chest\\.vscode\\extensions\\uqbar.wollok-lsp-ide-0.3.6\\out\\server\\src\\server.js:2298:3774\n    at c:\\Users\\chest\\.vscode\\extensions\\uqbar.wollok-lsp-ide-0.3.6\\out\\server\\src\\server.js:37:74770\n    at Fe (c:\\Users\\chest\\.vscode\\extensions\\uqbar.wollok-lsp-ide-0.3.6\\out\\server\\src\\server.js:7:8527)\n    at Pt (c:\\Users\\chest\\.vscode\\extensions\\uqbar.wollok-lsp-ide-0.3.6\\out\\server\\src\\server.js:7:6189)","timestamp":"2024-11-16T05:43:32.700Z"}
{"level":"info","message":"⌛ Validating pedidosRapi2.wlk","timeElapsed":112,"timestamp":"2024-11-16T05:43:33.477Z"}
{"level":"info","message":"onRequest - completionItem/resolve","timestamp":"2024-11-16T05:43:33.478Z"}
{"level":"info","message":"⌛ Validating pedidosRapi2.wlk","timeElapsed":106,"timestamp":"2024-11-16T05:43:33.584Z"}
{"level":"info","message":"⌛ Building environment","timeElapsed":127,"timestamp":"2024-11-16T05:43:33.754Z"}
{"level":"info","message":"onRequest - completionItem/resolve","timestamp":"2024-11-16T05:43:33.754Z"}
{"level":"info","message":"⌛ Validating pedidosRapi2.wlk","timeElapsed":124,"timestamp":"2024-11-16T05:43:33.879Z"}
{"level":"info","message":"onRequest - completionItem/resolve","timestamp":"2024-11-16T05:43:33.964Z"}
{"level":"info","message":"⌛ Validating pedidosRapi2.wlk","timeElapsed":119,"timestamp":"2024-11-16T05:43:34.176Z"}
{"level":"info","message":"onRequest - completionItem/resolve","timestamp":"2024-11-16T05:43:34.176Z"}
{"level":"info","message":"⌛ Validating pedidosRapi2.wlk","timeElapsed":125,"timestamp":"2024-11-16T05:43:34.301Z"}
{"level":"info","message":"onRequest - completionItem/resolve","timestamp":"2024-11-16T05:43:34.385Z"}
{"level":"info","message":"onRequest - completionItem/resolve","timestamp":"2024-11-16T05:43:34.467Z"}
{"level":"info","message":"⌛ Validating pedidosRapi2.wlk","timeElapsed":110,"timestamp":"2024-11-16T05:43:34.578Z"}
{"level":"info","message":"onRequest - completionItem/resolve","timestamp":"2024-11-16T05:43:34.665Z"}
{"level":"info","message":"⌛ Validating pedidosRapi2.wlk","timeElapsed":152,"timestamp":"2024-11-16T05:43:34.818Z"}
{"level":"info","message":"⌛ Validating pedidosRapi2.wlk","timeElapsed":111,"timestamp":"2024-11-16T05:43:34.934Z"}
{"level":"info","message":"⌛ Building environment","timeElapsed":101,"timestamp":"2024-11-16T05:43:35.035Z"}
{"level":"info","message":"⌛ Validating pedidosRapi2.wlk","timeElapsed":108,"timestamp":"2024-11-16T05:43:35.151Z"}
{"level":"info","message":"⌛ Validating pedidosRapi2.wlk","timeElapsed":106,"timestamp":"2024-11-16T05:43:35.846Z"}
{"level":"info","message":"⌛ Validating pedidosRapi2.wlk","timeElapsed":109,"timestamp":"2024-11-16T05:43:36.220Z"}
{"level":"error","message":"✘ Completions for node failed: Error: [Send]{23d7ed} at pedidosRapi2.wlk:66 exhausted all cases without a match [Send]{23d7ed} at pedidosRapi2.wlk:66 exhausted all cases without a match","stack":"Error: [Send]{23d7ed} at pedidosRapi2.wlk:66 exhausted all cases without a match\n    at c:\\Users\\chest\\.vscode\\extensions\\uqbar.wollok-lsp-ide-0.3.6\\out\\server\\src\\server.js:38:6067\n    at yh (c:\\Users\\chest\\.vscode\\extensions\\uqbar.wollok-lsp-ide-0.3.6\\out\\server\\src\\server.js:2291:42)\n    at kh (c:\\Users\\chest\\.vscode\\extensions\\uqbar.wollok-lsp-ide-0.3.6\\out\\server\\src\\server.js:2291:1004)\n    at Y5n (c:\\Users\\chest\\.vscode\\extensions\\uqbar.wollok-lsp-ide-0.3.6\\out\\server\\src\\server.js:2291:1160)\n    at c:\\Users\\chest\\.vscode\\extensions\\uqbar.wollok-lsp-ide-0.3.6\\out\\server\\src\\server.js:38:6056\n    at yh (c:\\Users\\chest\\.vscode\\extensions\\uqbar.wollok-lsp-ide-0.3.6\\out\\server\\src\\server.js:2291:42)\n    at c:\\Users\\chest\\.vscode\\extensions\\uqbar.wollok-lsp-ide-0.3.6\\out\\server\\src\\server.js:2291:2700\n    at c:\\Users\\chest\\.vscode\\extensions\\uqbar.wollok-lsp-ide-0.3.6\\out\\server\\src\\server.js:2298:3774\n    at c:\\Users\\chest\\.vscode\\extensions\\uqbar.wollok-lsp-ide-0.3.6\\out\\server\\src\\server.js:37:74872\n    at Fe (c:\\Users\\chest\\.vscode\\extensions\\uqbar.wollok-lsp-ide-0.3.6\\out\\server\\src\\server.js:7:8527)","timestamp":"2024-11-16T05:43:36.350Z"}
{"level":"info","message":"⌛ Validating pedidosRapi2.wlk","timeElapsed":156,"timestamp":"2024-11-16T05:43:36.513Z"}
{"level":"info","message":"onRequest - completionItem/resolve","timestamp":"2024-11-16T05:43:36.602Z"}
{"level":"info","message":"onRequest - completionItem/resolve","timestamp":"2024-11-16T05:43:36.697Z"}
{"level":"info","message":"onRequest - completionItem/resolve","timestamp":"2024-11-16T05:43:36.786Z"}
{"level":"info","message":"⌛ Building environment","timeElapsed":120,"timestamp":"2024-11-16T05:43:36.906Z"}
{"level":"info","message":"onRequest - completionItem/resolve","timestamp":"2024-11-16T05:43:36.907Z"}
{"level":"info","message":"⌛ Validating pedidosRapi2.wlk","timeElapsed":123,"timestamp":"2024-11-16T05:43:37.031Z"}
{"level":"info","message":"⌛ Validating pedidosRapi2.wlk","timeElapsed":107,"timestamp":"2024-11-16T05:43:37.138Z"}
{"level":"info","message":"onRequest - completionItem/resolve","timestamp":"2024-11-16T05:43:37.225Z"}
{"level":"info","message":"⌛ Validating pedidosRapi2.wlk","timeElapsed":127,"timestamp":"2024-11-16T05:43:37.353Z"}
{"level":"info","message":"onRequest - completionItem/resolve","timestamp":"2024-11-16T05:43:37.436Z"}
{"level":"info","message":"⌛ Validating pedidosRapi2.wlk","timeElapsed":112,"timestamp":"2024-11-16T05:43:37.548Z"}
{"level":"info","message":"⌛ Validating pedidosRapi2.wlk","timeElapsed":106,"timestamp":"2024-11-16T05:43:37.659Z"}
{"level":"info","message":"⌛ Validating pedidosRapi2.wlk","timeElapsed":112,"timestamp":"2024-11-16T05:43:37.772Z"}
{"level":"info","message":"⌛ Validating pedidosRapi2.wlk","timeElapsed":118,"timestamp":"2024-11-16T05:43:48.358Z"}
{"level":"info","message":"⌛ Validating pedidosRapi2.wlk","timeElapsed":118,"timestamp":"2024-11-16T05:43:48.865Z"}
